[02/13/2017 18:55:18][                         Main'] Starting Function
[02/13/2017 18:55:18][      GetSystemIntializeInfo()] Starting Function
[02/13/2017 18:55:18][      GetSystemIntializeInfo()] Starting Function
[02/13/2017 18:55:18][      GetSystemIntializeInfo()] Completed with SUCCESS
[02/13/2017 18:55:18][                         Main'] App DETLIV;GLINKLIVE;192.168.1.223:30015;SYSTEM;Sapb1hana;manager;Acc1;manager;Acc1
[02/13/2017 18:55:18][                         Main'] Calling Function ConnectToCompany()
[02/13/2017 18:56:05][            ConnectToCompany()] Source Company connected  successfully DETLIV
[02/13/2017 18:56:05][                         Main'] Source Connected SUCCESSFULLY 
[02/13/2017 18:56:05][                         Main'] Calling Function ConnectToTargetCompany()
[02/13/2017 18:56:07][            ConnectToCompany()] Target Company connected  successfully GLINKLIVE
[02/13/2017 18:56:07][                         Main'] Target Connected SUCCESSFULLY 
[02/13/2017 18:56:07][                         Main'] ITEM  SYNC SELECT T0."Code", T0."Name", T0."ItemCode" FROM "AE_ITEMMASTER_SYNC"  T0 WHERE T0."Status"  <> 'SYNCHRONIZED'
[02/13/2017 18:56:07][                         Main'] Calling HANAtoDatatable() 
[02/13/2017 18:56:09][             HANAtoDatatable()] HANA Connection
[02/13/2017 18:56:09][             HANAtoDatatable()] Successfully HANA Connection done and Query passed..........
[02/13/2017 18:56:10][            UpdateItemMaster()] Starting Function
[02/13/2017 18:56:10][            UpdateItemMaster()] Error: ItemCode not found!!!!
[02/13/2017 18:56:10][            UpdateItemMaster()] Starting Function
[02/13/2017 18:56:10][            UpdateItemMaster()] Error: ItemCode not found!!!!
[02/13/2017 18:56:10][            UpdateItemMaster()] Starting Function
[02/13/2017 18:56:10][            UpdateItemMaster()] Error: ItemCode not found!!!!
[02/13/2017 18:56:10][            UpdateItemMaster()] Starting Function
[02/13/2017 18:56:10][            UpdateItemMaster()] Conected with target Company GLINKLIVE
[02/13/2017 18:56:10][            UpdateItemMaster()] Updating ItemCode SEI UL3265(B28)-22(STR)17/0.16(5001) BLK
[02/13/2017 18:56:11][            UpdateItemMaster()] Completed with SUCCESS
[02/13/2017 18:56:11][            UpdateItemMaster()] Starting Function
[02/13/2017 18:56:11][            UpdateItemMaster()] Conected with target Company GLINKLIVE
[02/13/2017 18:56:12][            UpdateItemMaster()] Updating ItemCode SEI UL3265(B28)-22(STR)17/0.16(5001) BLU
[02/13/2017 18:56:12][            UpdateItemMaster()] Completed with SUCCESS
[02/13/2017 18:56:12][            UpdateItemMaster()] Starting Function
[02/13/2017 18:56:12][            UpdateItemMaster()] Conected with target Company GLINKLIVE
[02/13/2017 18:56:12][            UpdateItemMaster()] Updating ItemCode SEI UL3265(B28)-22(STR)17/0.16(5001) GRN
[02/13/2017 18:56:12][            UpdateItemMaster()] Completed with SUCCESS
[02/13/2017 18:56:12][            UpdateItemMaster()] Starting Function
[02/13/2017 18:56:12][            UpdateItemMaster()] Conected with target Company GLINKLIVE
[02/13/2017 18:56:12][            UpdateItemMaster()] Updating ItemCode SEI UL3265(B28)-24(STR)11/0.160(5001) RED
[02/13/2017 18:56:13][            UpdateItemMaster()] Completed with SUCCESS
[02/13/2017 18:56:13][            UpdateItemMaster()] Starting Function
[02/13/2017 18:56:13][            UpdateItemMaster()] Conected with target Company GLINKLIVE
[02/13/2017 18:56:13][            UpdateItemMaster()] Updating ItemCode SEI UL1007LF-24(STR)11/0.16(5001) GRN
[02/13/2017 18:56:13][            UpdateItemMaster()] Completed with SUCCESS
[02/13/2017 18:56:13][            UpdateItemMaster()] Starting Function
[02/13/2017 18:56:13][            UpdateItemMaster()] Conected with target Company GLINKLIVE
[02/13/2017 18:56:13][            UpdateItemMaster()] Updating ItemCode SEI UL1007LF-24(STR)11/0.16(5001) YLW
[02/13/2017 18:56:13][            UpdateItemMaster()] Completed with SUCCESS
[02/13/2017 18:56:13][            UpdateItemMaster()] Starting Function
[02/13/2017 18:56:13][            UpdateItemMaster()] Conected with target Company GLINKLIVE
[02/13/2017 18:56:13][            UpdateItemMaster()] Updating ItemCode SEI UL1571LF-30(STR)7/0.10 P130(5001) BLK
[02/13/2017 18:56:14][            UpdateItemMaster()] Completed with SUCCESS
[02/13/2017 18:56:14][            UpdateItemMaster()] Starting Function
[02/13/2017 18:56:14][            UpdateItemMaster()] Conected with target Company GLINKLIVE
[02/13/2017 18:56:14][            UpdateItemMaster()] Updating ItemCode SEI UL1571LF-30(STR)7/0.10 P130(5001) GRN
[02/13/2017 18:56:14][            UpdateItemMaster()] Completed with SUCCESS
[02/13/2017 18:56:14][            UpdateItemMaster()] Starting Function
[02/13/2017 18:56:14][            UpdateItemMaster()] Conected with target Company GLINKLIVE
[02/13/2017 18:56:14][            UpdateItemMaster()] Updating ItemCode SEI UL1571LF-30(STR)7/0.10 P130(5001) RED
[02/13/2017 18:56:14][            UpdateItemMaster()] Completed with SUCCESS
[02/13/2017 18:56:14][            UpdateItemMaster()] Starting Function
[02/13/2017 18:56:14][            UpdateItemMaster()] Conected with target Company GLINKLIVE
[02/13/2017 18:56:15][            UpdateItemMaster()] Updating ItemCode SEI UL3443LF-26(STR)7/0.16 P300(5501) YLW
[02/13/2017 18:56:15][            UpdateItemMaster()] Completed with SUCCESS
[02/13/2017 18:56:15][            UpdateItemMaster()] Starting Function
[02/13/2017 18:56:15][            UpdateItemMaster()] Conected with target Company GLINKLIVE
[02/13/2017 18:56:15][            UpdateItemMaster()] Updating ItemCode TE 1-172131-1
[02/13/2017 18:56:15][            UpdateItemMaster()] Completed with SUCCESS
[02/13/2017 18:56:15][                         Main'] BP  SYNC SELECT T0."Code", T0."Name", T0."BPCode" FROM "AE_BP_SYNC"  T0 WHERE T0."Status"  <> 'SYNCHRONIZED'
[02/13/2017 18:56:15][                         Main'] Calling HANAtoDatatable() 
[02/13/2017 18:56:15][             HANAtoDatatable()] HANA Connection
[02/13/2017 18:56:15][             HANAtoDatatable()] Successfully HANA Connection done and Query passed..........
[02/13/2017 19:03:32][                         Main'] Starting Function
[02/13/2017 19:03:33][      GetSystemIntializeInfo()] Starting Function
[02/13/2017 19:03:33][      GetSystemIntializeInfo()] Starting Function
[02/13/2017 19:03:33][      GetSystemIntializeInfo()] Completed with SUCCESS
[02/13/2017 19:03:33][                         Main'] App DETLIV;GLINKLIVE;192.168.1.223:30015;SYSTEM;Sapb1hana;manager;Acc1;manager;Acc1
[02/13/2017 19:03:33][                         Main'] Calling Function ConnectToCompany()
[02/13/2017 19:03:37][            ConnectToCompany()] Source Company connected  successfully DETLIV
[02/13/2017 19:03:37][                         Main'] Source Connected SUCCESSFULLY 
[02/13/2017 19:03:37][                         Main'] Calling Function ConnectToTargetCompany()
[02/13/2017 19:03:38][            ConnectToCompany()] Target Company connected  successfully GLINKLIVE
[02/13/2017 19:03:38][                         Main'] Target Connected SUCCESSFULLY 
[02/13/2017 19:03:38][                         Main'] ITEM  SYNC 
[02/13/2017 19:03:38][                         Main'] Calling HANAtoDatatable() 
[02/13/2017 19:03:38][             HANAtoDatatable()] HANA Connection
[02/13/2017 19:03:38][             HANAtoDatatable()] Successfully HANA Connection done and Query passed..........
[02/13/2017 19:03:39][             HANAtoDatatable()] Error in HANA Connection/Query passed..........
[02/13/2017 19:03:39][                         Main'] Item Master Sync Completed with ERROR
[02/13/2017 19:03:39][                         Main'] BP  SYNC SELECT T0."Code", T0."Name", T0."BPCode" FROM "AE_BP_SYNC"  T0 WHERE T0."Status"  <> 'SYNCHRONIZED'
[02/13/2017 19:03:39][                         Main'] Calling HANAtoDatatable() 
[02/13/2017 19:03:39][             HANAtoDatatable()] HANA Connection
[02/13/2017 19:03:39][             HANAtoDatatable()] Successfully HANA Connection done and Query passed..........
[02/13/2017 19:03:39][                         Main'] BP Master Sync Completed with ERROR
[02/13/2017 19:03:39][                         Main'] BP Price List  SYNC 
[02/13/2017 19:03:39][                         Main'] Calling HANAtoDatatable() 
[02/13/2017 19:03:39][             HANAtoDatatable()] HANA Connection
[02/13/2017 19:03:39][             HANAtoDatatable()] Successfully HANA Connection done and Query passed..........
[02/13/2017 19:03:39][             HANAtoDatatable()] Error in HANA Connection/Query passed..........
[02/13/2017 19:03:39][                         Main'] BP Price List Sync Completed with ERROR
[02/13/2017 19:04:07][                         Main'] Starting Function
[02/13/2017 19:04:07][      GetSystemIntializeInfo()] Starting Function
[02/13/2017 19:04:07][      GetSystemIntializeInfo()] Starting Function
[02/13/2017 19:04:07][      GetSystemIntializeInfo()] Completed with SUCCESS
[02/13/2017 19:04:07][                         Main'] App DETLIV;GLINKLIVE;192.168.1.223:30015;SYSTEM;Sapb1hana;manager;Acc1;manager;Acc1
[02/13/2017 19:04:07][                         Main'] Calling Function ConnectToCompany()
[02/13/2017 19:04:12][            ConnectToCompany()] Source Company connected  successfully DETLIV
[02/13/2017 19:04:12][                         Main'] Source Connected SUCCESSFULLY 
[02/13/2017 19:04:12][                         Main'] Calling Function ConnectToTargetCompany()
[02/13/2017 19:04:13][            ConnectToCompany()] Target Company connected  successfully GLINKLIVE
[02/13/2017 19:04:13][                         Main'] Target Connected SUCCESSFULLY 
[02/13/2017 19:04:13][                         Main'] ITEM  SYNC 
[02/13/2017 19:04:13][                         Main'] Calling HANAtoDatatable() 
[02/13/2017 19:04:13][             HANAtoDatatable()] HANA Connection
[02/13/2017 19:04:13][             HANAtoDatatable()] Successfully HANA Connection done and Query passed..........
[02/13/2017 19:04:13][             HANAtoDatatable()] Error in HANA Connection/Query passed..........
[02/13/2017 19:04:13][                         Main'] Item Master Sync Completed with ERROR
[02/13/2017 19:04:46][                         Main'] BP  SYNC SELECT T0."Code", T0."Name", T0."BPCode" FROM "AE_BP_SYNC"  T0 WHERE T0."Status"  <> 'SYNCHRONIZED'
[02/13/2017 19:04:47][                         Main'] Calling HANAtoDatatable() 
[02/13/2017 19:04:49][             HANAtoDatatable()] HANA Connection
[02/13/2017 19:04:49][             HANAtoDatatable()] Successfully HANA Connection done and Query passed..........
[02/13/2017 19:06:01][                         Main'] Starting Function
[02/13/2017 19:06:01][      GetSystemIntializeInfo()] Starting Function
[02/13/2017 19:06:01][      GetSystemIntializeInfo()] Starting Function
[02/13/2017 19:06:01][      GetSystemIntializeInfo()] Completed with SUCCESS
[02/13/2017 19:06:01][                         Main'] App DETLIV;GLINKLIVE;192.168.1.223:30015;SYSTEM;Sapb1hana;manager;Acc1;manager;Acc1
[02/13/2017 19:06:01][                         Main'] Calling Function ConnectToCompany()
[02/13/2017 19:06:05][            ConnectToCompany()] Source Company connected  successfully DETLIV
[02/13/2017 19:06:05][                         Main'] Source Connected SUCCESSFULLY 
[02/13/2017 19:06:05][                         Main'] Calling Function ConnectToTargetCompany()
[02/13/2017 19:06:07][            ConnectToCompany()] Target Company connected  successfully GLINKLIVE
[02/13/2017 19:06:07][                         Main'] Target Connected SUCCESSFULLY 
[02/13/2017 19:06:07][                         Main'] ITEM  SYNC 
[02/13/2017 19:06:07][                         Main'] Calling HANAtoDatatable() 
[02/13/2017 19:06:07][             HANAtoDatatable()] HANA Connection
[02/13/2017 19:06:07][             HANAtoDatatable()] Successfully HANA Connection done and Query passed..........
[02/13/2017 19:06:07][             HANAtoDatatable()] Error in HANA Connection/Query passed..........
[02/13/2017 19:06:07][                         Main'] Item Master Sync Completed with ERROR
[02/13/2017 19:06:15][                         Main'] BP  SYNC SELECT T0."Code", T0."Name", T0."BPCode" FROM "AE_BP_SYNC"  T0 WHERE T0."Status"  <> 'SYNCHRONIZED'
[02/13/2017 19:06:17][                         Main'] Calling HANAtoDatatable() 
[02/13/2017 19:06:18][             HANAtoDatatable()] HANA Connection
[02/13/2017 19:06:18][             HANAtoDatatable()] Successfully HANA Connection done and Query passed..........
[02/13/2017 19:08:03][                         Main'] Starting Function
[02/13/2017 19:08:03][      GetSystemIntializeInfo()] Starting Function
[02/13/2017 19:08:03][      GetSystemIntializeInfo()] Starting Function
[02/13/2017 19:08:03][      GetSystemIntializeInfo()] Completed with SUCCESS
[02/13/2017 19:08:03][                         Main'] App DETLIV;GLINKLIVE;192.168.1.223:30015;SYSTEM;Sapb1hana;manager;Acc1;manager;Acc1
[02/13/2017 19:08:03][                         Main'] Calling Function ConnectToCompany()
[02/13/2017 19:08:08][            ConnectToCompany()] Source Company connected  successfully DETLIV
[02/13/2017 19:08:08][                         Main'] Source Connected SUCCESSFULLY 
[02/13/2017 19:08:08][                         Main'] Calling Function ConnectToTargetCompany()
[02/13/2017 19:08:09][            ConnectToCompany()] Target Company connected  successfully GLINKLIVE
[02/13/2017 19:08:09][                         Main'] Target Connected SUCCESSFULLY 
[02/13/2017 19:08:09][                         Main'] ITEM  SYNC 
[02/13/2017 19:08:09][                         Main'] Calling HANAtoDatatable() 
[02/13/2017 19:08:09][             HANAtoDatatable()] HANA Connection
[02/13/2017 19:08:09][             HANAtoDatatable()] Successfully HANA Connection done and Query passed..........
[02/13/2017 19:08:09][             HANAtoDatatable()] Error in HANA Connection/Query passed..........
[02/13/2017 19:08:09][                         Main'] Item Master Sync Completed with ERROR
[02/13/2017 19:08:18][                         Main'] BP  SYNC SELECT T0."Code", T0."Name", T0."BPCode" FROM "AE_BP_SYNC"  T0 WHERE T0."Status"  <> 'SYNCHRONIZED'
[02/13/2017 19:08:19][                         Main'] Calling HANAtoDatatable() 
[02/13/2017 19:08:20][             HANAtoDatatable()] HANA Connection
[02/13/2017 19:08:20][             HANAtoDatatable()] Successfully HANA Connection done and Query passed..........
[02/13/2017 19:09:01][                         Main'] Starting Function
[02/13/2017 19:09:01][      GetSystemIntializeInfo()] Starting Function
[02/13/2017 19:09:01][      GetSystemIntializeInfo()] Starting Function
[02/13/2017 19:09:01][      GetSystemIntializeInfo()] Completed with SUCCESS
[02/13/2017 19:09:01][                         Main'] App DETLIV;GLINKLIVE;192.168.1.223:30015;SYSTEM;Sapb1hana;manager;Acc1;manager;Acc1
[02/13/2017 19:09:01][                         Main'] Calling Function ConnectToCompany()
[02/13/2017 19:09:07][            ConnectToCompany()] Source Company connected  successfully DETLIV
[02/13/2017 19:09:07][                         Main'] Source Connected SUCCESSFULLY 
[02/13/2017 19:09:07][                         Main'] Calling Function ConnectToTargetCompany()
[02/13/2017 19:09:08][            ConnectToCompany()] Target Company connected  successfully GLINKLIVE
[02/13/2017 19:09:08][                         Main'] Target Connected SUCCESSFULLY 
[02/13/2017 19:09:08][                         Main'] ITEM  SYNC 
[02/13/2017 19:09:08][                         Main'] Calling HANAtoDatatable() 
[02/13/2017 19:09:08][             HANAtoDatatable()] HANA Connection
[02/13/2017 19:09:08][             HANAtoDatatable()] Successfully HANA Connection done and Query passed..........
[02/13/2017 19:09:09][             HANAtoDatatable()] Error in HANA Connection/Query passed..........
[02/13/2017 19:09:09][                         Main'] Item Master Sync Completed with ERROR
[02/13/2017 19:09:12][                         Main'] BP  SYNC SELECT T0."Code", T0."Name", T0."BPCode" FROM "AE_BP_SYNC"  T0 WHERE T0."Status"  <> 'SYNCHRONIZED'
[02/13/2017 19:09:13][                         Main'] Calling HANAtoDatatable() 
[02/13/2017 19:09:15][             HANAtoDatatable()] HANA Connection
[02/13/2017 19:09:15][             HANAtoDatatable()] Successfully HANA Connection done and Query passed..........
[02/13/2017 19:09:40][              UpdateBPMaster()] Starting Function
[02/13/2017 19:14:16][                         Main'] Starting Function
[02/13/2017 19:14:16][      GetSystemIntializeInfo()] Starting Function
[02/13/2017 19:14:16][      GetSystemIntializeInfo()] Starting Function
[02/13/2017 19:14:16][      GetSystemIntializeInfo()] Completed with SUCCESS
[02/13/2017 19:14:16][                         Main'] App DETLIV;GLINKLIVE;192.168.1.223:30015;SYSTEM;Sapb1hana;manager;Acc1;manager;Acc1
[02/13/2017 19:14:16][                         Main'] Calling Function ConnectToCompany()
[02/13/2017 19:14:20][            ConnectToCompany()] Source Company connected  successfully DETLIV
[02/13/2017 19:14:20][                         Main'] Source Connected SUCCESSFULLY 
[02/13/2017 19:14:20][                         Main'] Calling Function ConnectToTargetCompany()
[02/13/2017 19:14:21][            ConnectToCompany()] Target Company connected  successfully GLINKLIVE
[02/13/2017 19:14:21][                         Main'] Target Connected SUCCESSFULLY 
[02/13/2017 19:14:21][                         Main'] ITEM  SYNC 
[02/13/2017 19:14:21][                         Main'] Calling HANAtoDatatable() 
[02/13/2017 19:14:21][             HANAtoDatatable()] HANA Connection
[02/13/2017 19:14:21][             HANAtoDatatable()] Successfully HANA Connection done and Query passed..........
[02/13/2017 19:14:21][             HANAtoDatatable()] Error in HANA Connection/Query passed..........
[02/13/2017 19:14:21][                         Main'] Item Master Sync Completed with ERROR
[02/13/2017 19:14:25][                         Main'] BP  SYNC SELECT T0."Code", T0."Name", T0."BPCode" FROM "AE_BP_SYNC"  T0 WHERE T0."Status"  <> 'SYNCHRONIZED'
[02/13/2017 19:14:27][                         Main'] Calling HANAtoDatatable() 
[02/13/2017 19:14:29][             HANAtoDatatable()] HANA Connection
[02/13/2017 19:14:29][             HANAtoDatatable()] Successfully HANA Connection done and Query passed..........
[02/13/2017 19:14:40][              UpdateBPMaster()] Starting Function
[02/13/2017 19:15:52][                         Main'] Starting Function
[02/13/2017 19:15:52][      GetSystemIntializeInfo()] Starting Function
[02/13/2017 19:15:52][      GetSystemIntializeInfo()] Starting Function
[02/13/2017 19:15:52][      GetSystemIntializeInfo()] Completed with SUCCESS
[02/13/2017 19:15:52][                         Main'] App DETLIV;GLINKLIVE;192.168.1.223:30015;SYSTEM;Sapb1hana;manager;Acc1;manager;Acc1
[02/13/2017 19:15:52][                         Main'] Calling Function ConnectToCompany()
[02/13/2017 19:15:56][            ConnectToCompany()] Source Company connected  successfully DETLIV
[02/13/2017 19:15:56][                         Main'] Source Connected SUCCESSFULLY 
[02/13/2017 19:15:56][                         Main'] Calling Function ConnectToTargetCompany()
[02/13/2017 19:15:58][            ConnectToCompany()] Target Company connected  successfully GLINKLIVE
[02/13/2017 19:15:58][                         Main'] Target Connected SUCCESSFULLY 
[02/13/2017 19:15:58][                         Main'] ITEM  SYNC 
[02/13/2017 19:15:58][                         Main'] Calling HANAtoDatatable() 
[02/13/2017 19:15:58][             HANAtoDatatable()] HANA Connection
[02/13/2017 19:15:58][             HANAtoDatatable()] Successfully HANA Connection done and Query passed..........
[02/13/2017 19:15:58][             HANAtoDatatable()] Error in HANA Connection/Query passed..........
[02/13/2017 19:15:58][                         Main'] Item Master Sync Completed with ERROR
[02/13/2017 19:16:01][                         Main'] BP  SYNC SELECT T0."Code", T0."Name", T0."BPCode" FROM "AE_BP_SYNC"  T0 WHERE T0."Status"  <> 'SYNCHRONIZED'
[02/13/2017 19:16:02][                         Main'] Calling HANAtoDatatable() 
[02/13/2017 19:16:02][             HANAtoDatatable()] HANA Connection
[02/13/2017 19:16:02][             HANAtoDatatable()] Successfully HANA Connection done and Query passed..........
[02/13/2017 19:16:14][              UpdateBPMaster()] Starting Function
[02/13/2017 19:16:28][              UpdateBPMaster()] Error: CardCode not found!!!!
[02/14/2017 12:06:53][                         Main'] Starting Function
[02/14/2017 12:06:53][      GetSystemIntializeInfo()] Starting Function
[02/14/2017 12:06:53][      GetSystemIntializeInfo()] Starting Function
[02/14/2017 12:06:53][      GetSystemIntializeInfo()] Completed with SUCCESS
[02/14/2017 12:06:53][                         Main'] App DETLIV;GLINKLIVE;192.168.1.223:30015;SYSTEM;Sapb1hana;manager;Acc1;manager;Acc1
[02/14/2017 12:06:53][                         Main'] Calling Function ConnectToCompany()
[02/14/2017 12:06:58][            ConnectToCompany()] Source Company connected  successfully DETLIV
[02/14/2017 12:06:58][                         Main'] Source Connected SUCCESSFULLY 
[02/14/2017 12:06:58][                         Main'] Calling Function ConnectToTargetCompany()
[02/14/2017 12:06:59][            ConnectToCompany()] Target Company connected  successfully GLINKLIVE
[02/14/2017 12:06:59][                         Main'] Target Connected SUCCESSFULLY 
[02/14/2017 12:06:59][                         Main'] ITEM  SYNC SELECT T0."Code", T0."Name", T0."ItemCode" FROM "AE_ITEMMASTER_SYNC"  T0 WHERE T0."Status"  <> 'SYNCHRONIZED'
[02/14/2017 12:06:59][                         Main'] Calling HANAtoDatatable() 
[02/14/2017 12:06:59][             HANAtoDatatable()] HANA Connection
[02/14/2017 12:06:59][             HANAtoDatatable()] Successfully HANA Connection done and Query passed..........
[02/14/2017 12:06:59][            UpdateItemMaster()] Starting Function
[02/14/2017 12:06:59][            UpdateItemMaster()] Error: ItemCode not found!!!!
[02/14/2017 12:06:59][            UpdateItemMaster()] Starting Function
[02/14/2017 12:06:59][            UpdateItemMaster()] Error: ItemCode not found!!!!
[02/14/2017 12:06:59][            UpdateItemMaster()] Starting Function
[02/14/2017 12:06:59][            UpdateItemMaster()] Error: ItemCode not found!!!!
[02/14/2017 12:06:59][            UpdateItemMaster()] Starting Function
[02/14/2017 12:06:59][            UpdateItemMaster()] Error: ItemCode not found!!!!
[02/14/2017 12:06:59][            UpdateItemMaster()] Starting Function
[02/14/2017 12:06:59][            UpdateItemMaster()] Error: ItemCode not found!!!!
[02/14/2017 12:07:13][                         Main'] BP  SYNC SELECT T0."Code", T0."Name", T0."BPCode" FROM "AE_BP_SYNC"  T0 WHERE T0."Status"  <> 'SYNCHRONIZED'
[02/14/2017 12:07:14][                         Main'] Calling HANAtoDatatable() 
[02/14/2017 12:07:15][             HANAtoDatatable()] HANA Connection
[02/14/2017 12:07:15][             HANAtoDatatable()] Successfully HANA Connection done and Query passed..........
[02/14/2017 12:07:34][              UpdateBPMaster()] Starting Function
[02/14/2017 12:07:39][              UpdateBPMaster()] Error: CardCode not found!!!!
[02/14/2017 12:08:08][              UpdateBPMaster()] Starting Function
[02/14/2017 12:08:38][              UpdateBPMaster()] Getting Contact Info select ROW_NUMBER() OVER(ORDER BY T1."CntctCode" ) -1 "No", T1."CntctCode" , T1."Name" , T1."Position"  from"OCPR" T1  where T1."CardCode" ='VGL_TEST-SGD' order by T1."CntctCode" 
[02/14/2017 12:08:44][              UpdateBPMaster()] Conected with Company GLINKLIVE
[02/14/2017 12:09:02][              UpdateBPMaster()] Calling Function CreateBPMaster()
[02/14/2017 12:09:09][              CreateBPMaster()] Starting Function
[02/14/2017 12:09:53][              CreateBPMaster()] Getting Shipping Code
[02/14/2017 12:10:34][              CreateBPMaster()] Getting Shipping Code
