[                      Monday, 7 November, 2016      SUCCESS  ] 
[TESTV02               Monday, 7 November, 2016      FAIL     Could not create BP Price list to Target Company- TESTV02 - JST PHR-10 - No matching records found (ODBC -2028)] 
[TESTV02               Monday, 7 November, 2016      FAIL     Could not create BP Price list to Target Company- TESTV02 - JST TEST PHR - No matching records found (ODBC -2028)] 
[TESTV02               Monday, 7 November, 2016      FAIL     Could not create BP Price list to Target Company- TESTV02 - STC 1234561 TEST - No matching records found (ODBC -2028)] 
[TESTV02               Monday, 7 November, 2016      FAIL     Could not create BP Price list to Target Company- TESTV02 - TEST1 - No matching records found (ODBC -2028)] 
[TESTV02               Monday, 7 November, 2016      FAIL     Could not create BP Price list to Target Company- TESTV02 - JST PHR-10 - No matching records found (ODBC -2028)] 
[TESTV02               Monday, 7 November, 2016      FAIL     Could not create BP Price list to Target Company- TESTV02 - JST TEST PHR - No matching records found (ODBC -2028)] 
[                      Monday, 7 November, 2016      SUCCESS  ] 
[TESTV02               Monday, 7 November, 2016      FAIL     Could not create BP Price list to Target Company- TESTV02 - JST PHR-10 - No matching records found (ODBC -2028)] 
[TESTV02               Monday, 7 November, 2016      FAIL     Could not create BP Price list to Target Company- TESTV02 - JST TEST PHR - No matching records found (ODBC -2028)] 
[TESTV02               Monday, 7 November, 2016      FAIL     Could not create BP Price list to Target Company- TESTV02 - STC 1234561 TEST - No matching records found (ODBC -2028)] 
[TESTV02               Monday, 7 November, 2016      FAIL     Could not create BP Price list to Target Company- TESTV02 - TEST1 - No matching records found (ODBC -2028)] 
[TESTV02               Monday, 7 November, 2016      FAIL     Could not create BP Price list to Target Company- TESTV02 - JST PHR-10 - No matching records found (ODBC -2028)] 
[TESTV02               Monday, 7 November, 2016      FAIL     Could not create BP Price list to Target Company- TESTV02 - JST TEST PHR - No matching records found (ODBC -2028)] 
[                      Monday, 7 November, 2016      SUCCESS  ] 
[TESTV02               Monday, 7 November, 2016      FAIL     Could not create BP Price list to Target Company- TESTV02 - JST PHR-10 - No matching records found (ODBC -2028)] 
[TESTV02               Monday, 7 November, 2016      FAIL     Could not create BP Price list to Target Company- TESTV02 - JST TEST PHR - No matching records found (ODBC -2028)] 
[TESTV02               Monday, 7 November, 2016      FAIL     Could not create BP Price list to Target Company- TESTV02 - STC 1234561 TEST - No matching records found (ODBC -2028)] 
[TESTV02               Monday, 7 November, 2016      FAIL     Could not create BP Price list to Target Company- TESTV02 - TEST1 - No matching records found (ODBC -2028)] 
[TESTV02               Monday, 7 November, 2016      FAIL     Could not create BP Price list to Target Company- TESTV02 - JST PHR-10 - No matching records found (ODBC -2028)] 
[TESTV02               Monday, 7 November, 2016      FAIL     Could not create BP Price list to Target Company- TESTV02 - JST TEST PHR - No matching records found (ODBC -2028)] 
[TESTV02               Monday, 7 November, 2016      FAIL     Could not create BP Price list to Target Company- TESTV02 - JST PHR-10 - No matching records found (ODBC -2028)] 
[TESTV02               Monday, 7 November, 2016      FAIL     Could not create BP Price list to Target Company- TESTV02 - JST TEST PHR - No matching records found (ODBC -2028)] 
[TESTV02               Monday, 7 November, 2016      FAIL     Could not create BP Price list to Target Company- TESTV02 - STC 1234561 TEST - No matching records found (ODBC -2028)] 
[TESTV02               Monday, 7 November, 2016      FAIL     Could not create BP Price list to Target Company- TESTV02 - TEST1 - No matching records found (ODBC -2028)] 
[TESTV02               Monday, 7 November, 2016      FAIL     Could not create BP Price list to Target Company- TESTV02 - JST PHR-10 - No matching records found (ODBC -2028)] 
[TESTV02               Monday, 7 November, 2016      FAIL     Could not create BP Price list to Target Company- TESTV02 - JST TEST PHR - No matching records found (ODBC -2028)] 
[                      Monday, 7 November, 2016      SUCCESS  ] 
[TESTV02               Monday, 7 November, 2016      FAIL     Could not create BP Price list to Target Company- TESTV02 - JST PHR-10 - No matching records found (ODBC -2028)] 
[TESTV02               Monday, 7 November, 2016      FAIL     Could not create BP Price list to Target Company- TESTV02 - JST TEST PHR - No matching records found (ODBC -2028)] 
[TESTV02               Monday, 7 November, 2016      FAIL     Could not create BP Price list to Target Company- TESTV02 - STC 1234561 TEST - No matching records found (ODBC -2028)] 
[TESTV02               Monday, 7 November, 2016      FAIL     Could not create BP Price list to Target Company- TESTV02 - TEST1 - No matching records found (ODBC -2028)] 
[TESTV02               Monday, 7 November, 2016      FAIL     Could not create BP Price list to Target Company- TESTV02 - JST PHR-10 - No matching records found (ODBC -2028)] 
[TESTV02               Monday, 7 November, 2016      FAIL     Could not create BP Price list to Target Company- TESTV02 - JST TEST PHR - No matching records found (ODBC -2028)] 
[                      Monday, 7 November, 2016      SUCCESS  ] 
[TESTV02               Monday, 7 November, 2016      FAIL     Could not create BP Price list to Target Company- TESTV02 - JST PHR-10 - No matching records found (ODBC -2028)] 
[TESTV02               Monday, 7 November, 2016      FAIL     Could not create BP Price list to Target Company- TESTV02 - JST TEST PHR - No matching records found (ODBC -2028)] 
[TESTV02               Monday, 7 November, 2016      FAIL     Could not create BP Price list to Target Company- TESTV02 - STC 1234561 TEST - No matching records found (ODBC -2028)] 
[TESTV02               Monday, 7 November, 2016      FAIL     Could not create BP Price list to Target Company- TESTV02 - TEST1 - No matching records found (ODBC -2028)] 
[TESTV02               Monday, 7 November, 2016      FAIL     Could not create BP Price list to Target Company- TESTV02 - JST PHR-10 - No matching records found (ODBC -2028)] 
[TESTV02               Monday, 7 November, 2016      FAIL     Could not create BP Price list to Target Company- TESTV02 - JST TEST PHR - No matching records found (ODBC -2028)] 
[TESTV02               Monday, 7 November, 2016      FAIL     Could not create BP Price list to Target Company- TESTV02 - JST PHR-10 - No matching records found (ODBC -2028)] 
[TESTV02               Monday, 7 November, 2016      FAIL     Could not create BP Price list to Target Company- TESTV02 - JST TEST PHR - No matching records found (ODBC -2028)] 
[TESTV02               Monday, 7 November, 2016      FAIL     Could not create BP Price list to Target Company- TESTV02 - STC 1234561 TEST - No matching records found (ODBC -2028)] 
[TESTV02               Monday, 7 November, 2016      FAIL     Could not create BP Price list to Target Company- TESTV02 - TEST1 - No matching records found (ODBC -2028)] 
[TESTV02               Monday, 7 November, 2016      FAIL     Could not create BP Price list to Target Company- TESTV02 - JST PHR-10 - No matching records found (ODBC -2028)] 
[TESTV02               Monday, 7 November, 2016      FAIL     Could not create BP Price list to Target Company- TESTV02 - JST TEST PHR - No matching records found (ODBC -2028)] 
[TestAGATS             Monday, 7 November, 2016      FAIL     Could not update BP to Target Company - Address is empty  [OCRD.CardCode][line: 0]] 
[TESTV02               Monday, 7 November, 2016      FAIL     Could not create BP Price list to Target Company- TESTV02 - JST PHR-10 - No matching records found (ODBC -2028)] 
[TESTV02               Monday, 7 November, 2016      FAIL     Could not create BP Price list to Target Company- TESTV02 - JST TEST PHR - No matching records found (ODBC -2028)] 
[TESTV02               Monday, 7 November, 2016      FAIL     Could not create BP Price list to Target Company- TESTV02 - STC 1234561 TEST - No matching records found (ODBC -2028)] 
[TESTV02               Monday, 7 November, 2016      FAIL     Could not create BP Price list to Target Company- TESTV02 - TEST1 - No matching records found (ODBC -2028)] 
[TESTV02               Monday, 7 November, 2016      FAIL     Could not create BP Price list to Target Company- TESTV02 - JST PHR-10 - No matching records found (ODBC -2028)] 
[TESTV02               Monday, 7 November, 2016      FAIL     Could not create BP Price list to Target Company- TESTV02 - JST TEST PHR - No matching records found (ODBC -2028)] 
[                      Monday, 7 November, 2016      SUCCESS  ] 
[TESTV02               Monday, 7 November, 2016      FAIL     Could not create BP Price list to Target Company- TESTV02 - JST PHR-10 - No matching records found (ODBC -2028)] 
[TESTV02               Monday, 7 November, 2016      FAIL     Could not create BP Price list to Target Company- TESTV02 - JST TEST PHR - No matching records found (ODBC -2028)] 
[TESTV02               Monday, 7 November, 2016      FAIL     Could not create BP Price list to Target Company- TESTV02 - STC 1234561 TEST - No matching records found (ODBC -2028)] 
[TESTV02               Monday, 7 November, 2016      FAIL     Could not create BP Price list to Target Company- TESTV02 - TEST1 - No matching records found (ODBC -2028)] 
[TESTV02               Monday, 7 November, 2016      FAIL     Could not create BP Price list to Target Company- TESTV02 - JST PHR-10 - No matching records found (ODBC -2028)] 
[TESTV02               Monday, 7 November, 2016      FAIL     Could not create BP Price list to Target Company- TESTV02 - JST TEST PHR - No matching records found (ODBC -2028)] 
[                      Monday, 7 November, 2016      SUCCESS  ] 
[TESTV02               Monday, 7 November, 2016      FAIL     Could not create BP Price list to Target Company- TESTV02 - JST PHR-10 - No matching records found (ODBC -2028)] 
[TESTV02               Monday, 7 November, 2016      FAIL     Could not create BP Price list to Target Company- TESTV02 - JST TEST PHR - No matching records found (ODBC -2028)] 
[TESTV02               Monday, 7 November, 2016      FAIL     Could not create BP Price list to Target Company- TESTV02 - STC 1234561 TEST - No matching records found (ODBC -2028)] 
[TESTV02               Monday, 7 November, 2016      FAIL     Could not create BP Price list to Target Company- TESTV02 - TEST1 - No matching records found (ODBC -2028)] 
[TESTV02               Monday, 7 November, 2016      FAIL     Could not create BP Price list to Target Company- TESTV02 - JST PHR-10 - No matching records found (ODBC -2028)] 
[TESTV02               Monday, 7 November, 2016      FAIL     Could not create BP Price list to Target Company- TESTV02 - JST TEST PHR - No matching records found (ODBC -2028)] 
[TESTV02               Monday, 7 November, 2016      FAIL     Could not create BP Price list to Target Company- TESTV02 - JST PHR-10 - No matching records found (ODBC -2028)] 
[TESTV02               Monday, 7 November, 2016      FAIL     Could not create BP Price list to Target Company- TESTV02 - JST TEST PHR - No matching records found (ODBC -2028)] 
[TESTV02               Monday, 7 November, 2016      FAIL     Could not create BP Price list to Target Company- TESTV02 - STC 1234561 TEST - No matching records found (ODBC -2028)] 
[TESTV02               Monday, 7 November, 2016      FAIL     Could not create BP Price list to Target Company- TESTV02 - TEST1 - No matching records found (ODBC -2028)] 
[TESTV02               Monday, 7 November, 2016      FAIL     Could not create BP Price list to Target Company- TESTV02 - JST PHR-10 - No matching records found (ODBC -2028)] 
[TESTV02               Monday, 7 November, 2016      FAIL     Could not create BP Price list to Target Company- TESTV02 - JST TEST PHR - No matching records found (ODBC -2028)] 
[                      Monday, 7 November, 2016      SUCCESS  ] 
[TESTV02               Monday, 7 November, 2016      FAIL     Could not create BP Price list to Target Company- TESTV02 - JST PHR-10 - No matching records found (ODBC -2028)] 
[TESTV02               Monday, 7 November, 2016      FAIL     Could not create BP Price list to Target Company- TESTV02 - JST TEST PHR - No matching records found (ODBC -2028)] 
[TESTV02               Monday, 7 November, 2016      FAIL     Could not create BP Price list to Target Company- TESTV02 - STC 1234561 TEST - No matching records found (ODBC -2028)] 
[TESTV02               Monday, 7 November, 2016      FAIL     Could not create BP Price list to Target Company- TESTV02 - TEST1 - No matching records found (ODBC -2028)] 
[TESTV02               Monday, 7 November, 2016      FAIL     Could not create BP Price list to Target Company- TESTV02 - JST PHR-10 - No matching records found (ODBC -2028)] 
[TESTV02               Monday, 7 November, 2016      FAIL     Could not create BP Price list to Target Company- TESTV02 - JST TEST PHR - No matching records found (ODBC -2028)] 
[                      Monday, 7 November, 2016      SUCCESS  ] 
[TESTV02               Monday, 7 November, 2016      FAIL     Could not create BP Price list to Target Company- TESTV02 - JST PHR-10 - No matching records found (ODBC -2028)] 
[TESTV02               Monday, 7 November, 2016      FAIL     Could not create BP Price list to Target Company- TESTV02 - JST TEST PHR - No matching records found (ODBC -2028)] 
[TESTV02               Monday, 7 November, 2016      FAIL     Could not create BP Price list to Target Company- TESTV02 - STC 1234561 TEST - No matching records found (ODBC -2028)] 
[TESTV02               Monday, 7 November, 2016      FAIL     Could not create BP Price list to Target Company- TESTV02 - TEST1 - No matching records found (ODBC -2028)] 
[TESTV02               Monday, 7 November, 2016      FAIL     Could not create BP Price list to Target Company- TESTV02 - JST PHR-10 - No matching records found (ODBC -2028)] 
[TESTV02               Monday, 7 November, 2016      FAIL     Could not create BP Price list to Target Company- TESTV02 - JST TEST PHR - No matching records found (ODBC -2028)] 
[                      Monday, 7 November, 2016      SUCCESS  ] 
[TESTV02               Monday, 7 November, 2016      FAIL     Could not create BP Price list to Target Company- TESTV02 - JST PHR-10 - No matching records found (ODBC -2028)] 
[TESTV02               Monday, 7 November, 2016      FAIL     Could not create BP Price list to Target Company- TESTV02 - JST TEST PHR - No matching records found (ODBC -2028)] 
[TESTV02               Monday, 7 November, 2016      FAIL     Could not create BP Price list to Target Company- TESTV02 - STC 1234561 TEST - No matching records found (ODBC -2028)] 
[TESTV02               Monday, 7 November, 2016      FAIL     Could not create BP Price list to Target Company- TESTV02 - TEST1 - No matching records found (ODBC -2028)] 
[TESTV02               Monday, 7 November, 2016      FAIL     Could not create BP Price list to Target Company- TESTV02 - JST PHR-10 - No matching records found (ODBC -2028)] 
[TESTV02               Monday, 7 November, 2016      FAIL     Could not create BP Price list to Target Company- TESTV02 - JST TEST PHR - No matching records found (ODBC -2028)] 
[                      Monday, 7 November, 2016      SUCCESS  ] 
[TESTV02               Monday, 7 November, 2016      FAIL     Could not create BP Price list to Target Company- TESTV02 - JST PHR-10 - No matching records found (ODBC -2028)] 
[TESTV02               Monday, 7 November, 2016      FAIL     Could not create BP Price list to Target Company- TESTV02 - JST TEST PHR - No matching records found (ODBC -2028)] 
[TESTV02               Monday, 7 November, 2016      FAIL     Could not create BP Price list to Target Company- TESTV02 - STC 1234561 TEST - No matching records found (ODBC -2028)] 
[TESTV02               Monday, 7 November, 2016      FAIL     Could not create BP Price list to Target Company- TESTV02 - TEST1 - No matching records found (ODBC -2028)] 
[TESTV02               Monday, 7 November, 2016      FAIL     Could not create BP Price list to Target Company- TESTV02 - JST PHR-10 - No matching records found (ODBC -2028)] 
[TESTV02               Monday, 7 November, 2016      FAIL     Could not create BP Price list to Target Company- TESTV02 - JST TEST PHR - No matching records found (ODBC -2028)] 
[                      Monday, 7 November, 2016      SUCCESS  ] 
[TESTV02               Monday, 7 November, 2016      FAIL     Could not create BP Price list to Target Company- TESTV02 - JST PHR-10 - No matching records found (ODBC -2028)] 
[TESTV02               Monday, 7 November, 2016      FAIL     Could not create BP Price list to Target Company- TESTV02 - JST TEST PHR - No matching records found (ODBC -2028)] 
[TESTV02               Monday, 7 November, 2016      FAIL     Could not create BP Price list to Target Company- TESTV02 - STC 1234561 TEST - No matching records found (ODBC -2028)] 
[TESTV02               Monday, 7 November, 2016      FAIL     Could not create BP Price list to Target Company- TESTV02 - TEST1 - No matching records found (ODBC -2028)] 
[TESTV02               Monday, 7 November, 2016      FAIL     Could not create BP Price list to Target Company- TESTV02 - JST PHR-10 - No matching records found (ODBC -2028)] 
[TESTV02               Monday, 7 November, 2016      FAIL     Could not create BP Price list to Target Company- TESTV02 - JST TEST PHR - No matching records found (ODBC -2028)] 
[TESTV02               Tuesday, 8 November, 2016     FAIL     Could not create BP Price list to Target Company- TESTV02 - TEST1 - No matching records found (ODBC -2028)] 
[TESTV02               Tuesday, 8 November, 2016     FAIL     Could not create BP Price list to Target Company- TESTV02 - TEST1 - No matching records found (ODBC -2028)] 
[TESTV02               Tuesday, 8 November, 2016     FAIL     Could not create BP Price list to Target Company- TESTV02 - TEST1 - No matching records found (ODBC -2028)] 
[RAY 5069854021        Monday, 2 January, 2017       FAIL     Could not update ItemCode to Target Company - No matching records found (ODBC -2028)] 
[RAY 5069854021        Monday, 2 January, 2017       FAIL     Could not update ItemCode to Target Company - No matching records found (ODBC -2028)] 
[RAY 5069854021        Tuesday, 3 January, 2017      SUCCESS  ] 
[RAY 5069854021        Tuesday, 3 January, 2017      SUCCESS  ] 
[RAY 5069854021        Tuesday, 3 January, 2017      FAIL     Public member 'ItemsGroupCod' on type 'IItems' not found.] 
[RAY 5069854021        Tuesday, 3 January, 2017      SUCCESS  ] 
[VGL_MANSI-USD         Wednesday, 4 January, 2017    SUCCESS  ] 
