[11/07/2016 16:24:03][           CreateBPPriceList()] Could not create BP Price list to Target Company- TESTV02 - JST PHR-10 - No matching records found (ODBC -2028)
[11/07/2016 16:24:03][           UpdateBPPriceList()] Could not create BP Price list to Target Company- TESTV02 - JST PHR-10 - No matching records found (ODBC -2028)
[11/07/2016 16:24:03][           CreateBPPriceList()] Could not create BP Price list to Target Company- TESTV02 - JST TEST PHR - No matching records found (ODBC -2028)
[11/07/2016 16:24:03][           UpdateBPPriceList()] Could not create BP Price list to Target Company- TESTV02 - JST TEST PHR - No matching records found (ODBC -2028)
[11/07/2016 16:24:04][           CreateBPPriceList()] Could not create BP Price list to Target Company- TESTV02 - STC 1234561 TEST - No matching records found (ODBC -2028)
[11/07/2016 16:24:04][           UpdateBPPriceList()] Could not create BP Price list to Target Company- TESTV02 - STC 1234561 TEST - No matching records found (ODBC -2028)
[11/07/2016 16:24:04][           CreateBPPriceList()] Could not create BP Price list to Target Company- TESTV02 - TEST1 - No matching records found (ODBC -2028)
[11/07/2016 16:24:04][           UpdateBPPriceList()] Could not create BP Price list to Target Company- TESTV02 - TEST1 - No matching records found (ODBC -2028)
[11/07/2016 16:24:04][           CreateBPPriceList()] Could not create BP Price list to Target Company- TESTV02 - JST PHR-10 - No matching records found (ODBC -2028)
[11/07/2016 16:24:04][           UpdateBPPriceList()] Could not create BP Price list to Target Company- TESTV02 - JST PHR-10 - No matching records found (ODBC -2028)
[11/07/2016 16:24:04][           CreateBPPriceList()] Could not create BP Price list to Target Company- TESTV02 - JST TEST PHR - No matching records found (ODBC -2028)
[11/07/2016 16:24:04][           UpdateBPPriceList()] Could not create BP Price list to Target Company- TESTV02 - JST TEST PHR - No matching records found (ODBC -2028)
[11/07/2016 16:26:28][           CreateBPPriceList()] Could not create BP Price list to Target Company- TESTV02 - JST PHR-10 - No matching records found (ODBC -2028)
[11/07/2016 16:26:28][           UpdateBPPriceList()] Could not create BP Price list to Target Company- TESTV02 - JST PHR-10 - No matching records found (ODBC -2028)
[11/07/2016 16:26:28][           CreateBPPriceList()] Could not create BP Price list to Target Company- TESTV02 - JST TEST PHR - No matching records found (ODBC -2028)
[11/07/2016 16:26:29][           UpdateBPPriceList()] Could not create BP Price list to Target Company- TESTV02 - JST TEST PHR - No matching records found (ODBC -2028)
[11/07/2016 16:26:29][           CreateBPPriceList()] Could not create BP Price list to Target Company- TESTV02 - STC 1234561 TEST - No matching records found (ODBC -2028)
[11/07/2016 16:26:29][           UpdateBPPriceList()] Could not create BP Price list to Target Company- TESTV02 - STC 1234561 TEST - No matching records found (ODBC -2028)
[11/07/2016 16:26:29][           CreateBPPriceList()] Could not create BP Price list to Target Company- TESTV02 - TEST1 - No matching records found (ODBC -2028)
[11/07/2016 16:26:29][           UpdateBPPriceList()] Could not create BP Price list to Target Company- TESTV02 - TEST1 - No matching records found (ODBC -2028)
[11/07/2016 16:26:29][           CreateBPPriceList()] Could not create BP Price list to Target Company- TESTV02 - JST PHR-10 - No matching records found (ODBC -2028)
[11/07/2016 16:26:29][           UpdateBPPriceList()] Could not create BP Price list to Target Company- TESTV02 - JST PHR-10 - No matching records found (ODBC -2028)
[11/07/2016 16:26:29][           CreateBPPriceList()] Could not create BP Price list to Target Company- TESTV02 - JST TEST PHR - No matching records found (ODBC -2028)
[11/07/2016 16:26:29][           UpdateBPPriceList()] Could not create BP Price list to Target Company- TESTV02 - JST TEST PHR - No matching records found (ODBC -2028)
[11/07/2016 16:31:27][           CreateBPPriceList()] Could not create BP Price list to Target Company- TESTV02 - JST PHR-10 - No matching records found (ODBC -2028)
[11/07/2016 16:31:27][           UpdateBPPriceList()] Could not create BP Price list to Target Company- TESTV02 - JST PHR-10 - No matching records found (ODBC -2028)
[11/07/2016 16:31:27][           CreateBPPriceList()] Could not create BP Price list to Target Company- TESTV02 - JST TEST PHR - No matching records found (ODBC -2028)
[11/07/2016 16:31:27][           UpdateBPPriceList()] Could not create BP Price list to Target Company- TESTV02 - JST TEST PHR - No matching records found (ODBC -2028)
[11/07/2016 16:31:27][           CreateBPPriceList()] Could not create BP Price list to Target Company- TESTV02 - STC 1234561 TEST - No matching records found (ODBC -2028)
[11/07/2016 16:31:27][           UpdateBPPriceList()] Could not create BP Price list to Target Company- TESTV02 - STC 1234561 TEST - No matching records found (ODBC -2028)
[11/07/2016 16:31:27][           CreateBPPriceList()] Could not create BP Price list to Target Company- TESTV02 - TEST1 - No matching records found (ODBC -2028)
[11/07/2016 16:31:27][           UpdateBPPriceList()] Could not create BP Price list to Target Company- TESTV02 - TEST1 - No matching records found (ODBC -2028)
[11/07/2016 16:31:27][           CreateBPPriceList()] Could not create BP Price list to Target Company- TESTV02 - JST PHR-10 - No matching records found (ODBC -2028)
[11/07/2016 16:31:27][           UpdateBPPriceList()] Could not create BP Price list to Target Company- TESTV02 - JST PHR-10 - No matching records found (ODBC -2028)
[11/07/2016 16:31:27][           CreateBPPriceList()] Could not create BP Price list to Target Company- TESTV02 - JST TEST PHR - No matching records found (ODBC -2028)
[11/07/2016 16:31:27][           UpdateBPPriceList()] Could not create BP Price list to Target Company- TESTV02 - JST TEST PHR - No matching records found (ODBC -2028)
[11/07/2016 16:40:48][           CreateBPPriceList()] Could not create BP Price list to Target Company- TESTV02 - JST PHR-10 - No matching records found (ODBC -2028)
[11/07/2016 16:40:48][           UpdateBPPriceList()] Could not create BP Price list to Target Company- TESTV02 - JST PHR-10 - No matching records found (ODBC -2028)
[11/07/2016 16:40:48][           CreateBPPriceList()] Could not create BP Price list to Target Company- TESTV02 - JST TEST PHR - No matching records found (ODBC -2028)
[11/07/2016 16:40:48][           UpdateBPPriceList()] Could not create BP Price list to Target Company- TESTV02 - JST TEST PHR - No matching records found (ODBC -2028)
[11/07/2016 16:40:48][           CreateBPPriceList()] Could not create BP Price list to Target Company- TESTV02 - STC 1234561 TEST - No matching records found (ODBC -2028)
[11/07/2016 16:40:48][           UpdateBPPriceList()] Could not create BP Price list to Target Company- TESTV02 - STC 1234561 TEST - No matching records found (ODBC -2028)
[11/07/2016 16:40:48][           CreateBPPriceList()] Could not create BP Price list to Target Company- TESTV02 - TEST1 - No matching records found (ODBC -2028)
[11/07/2016 16:40:48][           UpdateBPPriceList()] Could not create BP Price list to Target Company- TESTV02 - TEST1 - No matching records found (ODBC -2028)
[11/07/2016 16:40:48][           CreateBPPriceList()] Could not create BP Price list to Target Company- TESTV02 - JST PHR-10 - No matching records found (ODBC -2028)
[11/07/2016 16:40:48][           UpdateBPPriceList()] Could not create BP Price list to Target Company- TESTV02 - JST PHR-10 - No matching records found (ODBC -2028)
[11/07/2016 16:40:48][           CreateBPPriceList()] Could not create BP Price list to Target Company- TESTV02 - JST TEST PHR - No matching records found (ODBC -2028)
[11/07/2016 16:40:48][           UpdateBPPriceList()] Could not create BP Price list to Target Company- TESTV02 - JST TEST PHR - No matching records found (ODBC -2028)
[11/07/2016 16:44:12][           CreateBPPriceList()] Could not create BP Price list to Target Company- TESTV02 - JST PHR-10 - No matching records found (ODBC -2028)
[11/07/2016 16:44:12][           UpdateBPPriceList()] Could not create BP Price list to Target Company- TESTV02 - JST PHR-10 - No matching records found (ODBC -2028)
[11/07/2016 16:44:12][           CreateBPPriceList()] Could not create BP Price list to Target Company- TESTV02 - JST TEST PHR - No matching records found (ODBC -2028)
[11/07/2016 16:44:12][           UpdateBPPriceList()] Could not create BP Price list to Target Company- TESTV02 - JST TEST PHR - No matching records found (ODBC -2028)
[11/07/2016 16:44:12][           CreateBPPriceList()] Could not create BP Price list to Target Company- TESTV02 - STC 1234561 TEST - No matching records found (ODBC -2028)
[11/07/2016 16:44:12][           UpdateBPPriceList()] Could not create BP Price list to Target Company- TESTV02 - STC 1234561 TEST - No matching records found (ODBC -2028)
[11/07/2016 16:44:12][           CreateBPPriceList()] Could not create BP Price list to Target Company- TESTV02 - TEST1 - No matching records found (ODBC -2028)
[11/07/2016 16:44:12][           UpdateBPPriceList()] Could not create BP Price list to Target Company- TESTV02 - TEST1 - No matching records found (ODBC -2028)
[11/07/2016 16:44:12][           CreateBPPriceList()] Could not create BP Price list to Target Company- TESTV02 - JST PHR-10 - No matching records found (ODBC -2028)
[11/07/2016 16:44:12][           UpdateBPPriceList()] Could not create BP Price list to Target Company- TESTV02 - JST PHR-10 - No matching records found (ODBC -2028)
[11/07/2016 16:44:12][           CreateBPPriceList()] Could not create BP Price list to Target Company- TESTV02 - JST TEST PHR - No matching records found (ODBC -2028)
[11/07/2016 16:44:12][           UpdateBPPriceList()] Could not create BP Price list to Target Company- TESTV02 - JST TEST PHR - No matching records found (ODBC -2028)
[11/07/2016 16:52:46][           CreateBPPriceList()] Could not create BP Price list to Target Company- TESTV02 - JST PHR-10 - No matching records found (ODBC -2028)
[11/07/2016 16:52:46][           UpdateBPPriceList()] Could not create BP Price list to Target Company- TESTV02 - JST PHR-10 - No matching records found (ODBC -2028)
[11/07/2016 16:52:46][           CreateBPPriceList()] Could not create BP Price list to Target Company- TESTV02 - JST TEST PHR - No matching records found (ODBC -2028)
[11/07/2016 16:52:46][           UpdateBPPriceList()] Could not create BP Price list to Target Company- TESTV02 - JST TEST PHR - No matching records found (ODBC -2028)
[11/07/2016 16:52:46][           CreateBPPriceList()] Could not create BP Price list to Target Company- TESTV02 - STC 1234561 TEST - No matching records found (ODBC -2028)
[11/07/2016 16:52:46][           UpdateBPPriceList()] Could not create BP Price list to Target Company- TESTV02 - STC 1234561 TEST - No matching records found (ODBC -2028)
[11/07/2016 16:52:46][           CreateBPPriceList()] Could not create BP Price list to Target Company- TESTV02 - TEST1 - No matching records found (ODBC -2028)
[11/07/2016 16:52:46][           UpdateBPPriceList()] Could not create BP Price list to Target Company- TESTV02 - TEST1 - No matching records found (ODBC -2028)
[11/07/2016 16:52:46][           CreateBPPriceList()] Could not create BP Price list to Target Company- TESTV02 - JST PHR-10 - No matching records found (ODBC -2028)
[11/07/2016 16:52:46][           UpdateBPPriceList()] Could not create BP Price list to Target Company- TESTV02 - JST PHR-10 - No matching records found (ODBC -2028)
[11/07/2016 16:52:47][           CreateBPPriceList()] Could not create BP Price list to Target Company- TESTV02 - JST TEST PHR - No matching records found (ODBC -2028)
[11/07/2016 16:52:47][           UpdateBPPriceList()] Could not create BP Price list to Target Company- TESTV02 - JST TEST PHR - No matching records found (ODBC -2028)
[11/07/2016 16:54:57][           CreateBPPriceList()] Could not create BP Price list to Target Company- TESTV02 - JST PHR-10 - No matching records found (ODBC -2028)
[11/07/2016 16:54:57][           UpdateBPPriceList()] Could not create BP Price list to Target Company- TESTV02 - JST PHR-10 - No matching records found (ODBC -2028)
[11/07/2016 16:54:57][           CreateBPPriceList()] Could not create BP Price list to Target Company- TESTV02 - JST TEST PHR - No matching records found (ODBC -2028)
[11/07/2016 16:54:57][           UpdateBPPriceList()] Could not create BP Price list to Target Company- TESTV02 - JST TEST PHR - No matching records found (ODBC -2028)
[11/07/2016 16:54:57][           CreateBPPriceList()] Could not create BP Price list to Target Company- TESTV02 - STC 1234561 TEST - No matching records found (ODBC -2028)
[11/07/2016 16:54:57][           UpdateBPPriceList()] Could not create BP Price list to Target Company- TESTV02 - STC 1234561 TEST - No matching records found (ODBC -2028)
[11/07/2016 16:54:57][           CreateBPPriceList()] Could not create BP Price list to Target Company- TESTV02 - TEST1 - No matching records found (ODBC -2028)
[11/07/2016 16:54:57][           UpdateBPPriceList()] Could not create BP Price list to Target Company- TESTV02 - TEST1 - No matching records found (ODBC -2028)
[11/07/2016 16:54:57][           CreateBPPriceList()] Could not create BP Price list to Target Company- TESTV02 - JST PHR-10 - No matching records found (ODBC -2028)
[11/07/2016 16:54:57][           UpdateBPPriceList()] Could not create BP Price list to Target Company- TESTV02 - JST PHR-10 - No matching records found (ODBC -2028)
[11/07/2016 16:54:57][           CreateBPPriceList()] Could not create BP Price list to Target Company- TESTV02 - JST TEST PHR - No matching records found (ODBC -2028)
[11/07/2016 16:54:57][           UpdateBPPriceList()] Could not create BP Price list to Target Company- TESTV02 - JST TEST PHR - No matching records found (ODBC -2028)
[11/07/2016 16:59:24][              UpdateBPMaster()] Could not update BP to Target Company - Address is empty  [OCRD.CardCode][line: 0]
[11/07/2016 16:59:24][           CreateBPPriceList()] Could not create BP Price list to Target Company- TESTV02 - JST PHR-10 - No matching records found (ODBC -2028)
[11/07/2016 16:59:24][           UpdateBPPriceList()] Could not create BP Price list to Target Company- TESTV02 - JST PHR-10 - No matching records found (ODBC -2028)
[11/07/2016 16:59:24][           CreateBPPriceList()] Could not create BP Price list to Target Company- TESTV02 - JST TEST PHR - No matching records found (ODBC -2028)
[11/07/2016 16:59:24][           UpdateBPPriceList()] Could not create BP Price list to Target Company- TESTV02 - JST TEST PHR - No matching records found (ODBC -2028)
[11/07/2016 16:59:24][           CreateBPPriceList()] Could not create BP Price list to Target Company- TESTV02 - STC 1234561 TEST - No matching records found (ODBC -2028)
[11/07/2016 16:59:24][           UpdateBPPriceList()] Could not create BP Price list to Target Company- TESTV02 - STC 1234561 TEST - No matching records found (ODBC -2028)
[11/07/2016 16:59:24][           CreateBPPriceList()] Could not create BP Price list to Target Company- TESTV02 - TEST1 - No matching records found (ODBC -2028)
[11/07/2016 16:59:24][           UpdateBPPriceList()] Could not create BP Price list to Target Company- TESTV02 - TEST1 - No matching records found (ODBC -2028)
[11/07/2016 16:59:24][           CreateBPPriceList()] Could not create BP Price list to Target Company- TESTV02 - JST PHR-10 - No matching records found (ODBC -2028)
[11/07/2016 16:59:24][           UpdateBPPriceList()] Could not create BP Price list to Target Company- TESTV02 - JST PHR-10 - No matching records found (ODBC -2028)
[11/07/2016 16:59:24][           CreateBPPriceList()] Could not create BP Price list to Target Company- TESTV02 - JST TEST PHR - No matching records found (ODBC -2028)
[11/07/2016 16:59:24][           UpdateBPPriceList()] Could not create BP Price list to Target Company- TESTV02 - JST TEST PHR - No matching records found (ODBC -2028)
[11/07/2016 17:04:52][           CreateBPPriceList()] Could not create BP Price list to Target Company- TESTV02 - JST PHR-10 - No matching records found (ODBC -2028)
[11/07/2016 17:04:52][           UpdateBPPriceList()] Could not create BP Price list to Target Company- TESTV02 - JST PHR-10 - No matching records found (ODBC -2028)
[11/07/2016 17:04:52][           CreateBPPriceList()] Could not create BP Price list to Target Company- TESTV02 - JST TEST PHR - No matching records found (ODBC -2028)
[11/07/2016 17:04:52][           UpdateBPPriceList()] Could not create BP Price list to Target Company- TESTV02 - JST TEST PHR - No matching records found (ODBC -2028)
[11/07/2016 17:04:52][           CreateBPPriceList()] Could not create BP Price list to Target Company- TESTV02 - STC 1234561 TEST - No matching records found (ODBC -2028)
[11/07/2016 17:04:52][           UpdateBPPriceList()] Could not create BP Price list to Target Company- TESTV02 - STC 1234561 TEST - No matching records found (ODBC -2028)
[11/07/2016 17:04:52][           CreateBPPriceList()] Could not create BP Price list to Target Company- TESTV02 - TEST1 - No matching records found (ODBC -2028)
[11/07/2016 17:04:52][           UpdateBPPriceList()] Could not create BP Price list to Target Company- TESTV02 - TEST1 - No matching records found (ODBC -2028)
[11/07/2016 17:04:52][           CreateBPPriceList()] Could not create BP Price list to Target Company- TESTV02 - JST PHR-10 - No matching records found (ODBC -2028)
[11/07/2016 17:04:52][           UpdateBPPriceList()] Could not create BP Price list to Target Company- TESTV02 - JST PHR-10 - No matching records found (ODBC -2028)
[11/07/2016 17:04:52][           CreateBPPriceList()] Could not create BP Price list to Target Company- TESTV02 - JST TEST PHR - No matching records found (ODBC -2028)
[11/07/2016 17:04:52][           UpdateBPPriceList()] Could not create BP Price list to Target Company- TESTV02 - JST TEST PHR - No matching records found (ODBC -2028)
[11/07/2016 17:06:31][           CreateBPPriceList()] Could not create BP Price list to Target Company- TESTV02 - JST PHR-10 - No matching records found (ODBC -2028)
[11/07/2016 17:06:31][           UpdateBPPriceList()] Could not create BP Price list to Target Company- TESTV02 - JST PHR-10 - No matching records found (ODBC -2028)
[11/07/2016 17:06:31][           CreateBPPriceList()] Could not create BP Price list to Target Company- TESTV02 - JST TEST PHR - No matching records found (ODBC -2028)
[11/07/2016 17:06:31][           UpdateBPPriceList()] Could not create BP Price list to Target Company- TESTV02 - JST TEST PHR - No matching records found (ODBC -2028)
[11/07/2016 17:06:31][           CreateBPPriceList()] Could not create BP Price list to Target Company- TESTV02 - STC 1234561 TEST - No matching records found (ODBC -2028)
[11/07/2016 17:06:31][           UpdateBPPriceList()] Could not create BP Price list to Target Company- TESTV02 - STC 1234561 TEST - No matching records found (ODBC -2028)
[11/07/2016 17:06:31][           CreateBPPriceList()] Could not create BP Price list to Target Company- TESTV02 - TEST1 - No matching records found (ODBC -2028)
[11/07/2016 17:06:31][           UpdateBPPriceList()] Could not create BP Price list to Target Company- TESTV02 - TEST1 - No matching records found (ODBC -2028)
[11/07/2016 17:06:31][           CreateBPPriceList()] Could not create BP Price list to Target Company- TESTV02 - JST PHR-10 - No matching records found (ODBC -2028)
[11/07/2016 17:06:31][           UpdateBPPriceList()] Could not create BP Price list to Target Company- TESTV02 - JST PHR-10 - No matching records found (ODBC -2028)
[11/07/2016 17:06:31][           CreateBPPriceList()] Could not create BP Price list to Target Company- TESTV02 - JST TEST PHR - No matching records found (ODBC -2028)
[11/07/2016 17:06:31][           UpdateBPPriceList()] Could not create BP Price list to Target Company- TESTV02 - JST TEST PHR - No matching records found (ODBC -2028)
[11/07/2016 17:08:39][           CreateBPPriceList()] Could not create BP Price list to Target Company- TESTV02 - JST PHR-10 - No matching records found (ODBC -2028)
[11/07/2016 17:08:39][           UpdateBPPriceList()] Could not create BP Price list to Target Company- TESTV02 - JST PHR-10 - No matching records found (ODBC -2028)
[11/07/2016 17:08:39][           CreateBPPriceList()] Could not create BP Price list to Target Company- TESTV02 - JST TEST PHR - No matching records found (ODBC -2028)
[11/07/2016 17:08:39][           UpdateBPPriceList()] Could not create BP Price list to Target Company- TESTV02 - JST TEST PHR - No matching records found (ODBC -2028)
[11/07/2016 17:08:40][           CreateBPPriceList()] Could not create BP Price list to Target Company- TESTV02 - STC 1234561 TEST - No matching records found (ODBC -2028)
[11/07/2016 17:08:40][           UpdateBPPriceList()] Could not create BP Price list to Target Company- TESTV02 - STC 1234561 TEST - No matching records found (ODBC -2028)
[11/07/2016 17:08:40][           CreateBPPriceList()] Could not create BP Price list to Target Company- TESTV02 - TEST1 - No matching records found (ODBC -2028)
[11/07/2016 17:08:40][           UpdateBPPriceList()] Could not create BP Price list to Target Company- TESTV02 - TEST1 - No matching records found (ODBC -2028)
[11/07/2016 17:08:40][           CreateBPPriceList()] Could not create BP Price list to Target Company- TESTV02 - JST PHR-10 - No matching records found (ODBC -2028)
[11/07/2016 17:08:40][           UpdateBPPriceList()] Could not create BP Price list to Target Company- TESTV02 - JST PHR-10 - No matching records found (ODBC -2028)
[11/07/2016 17:08:40][           CreateBPPriceList()] Could not create BP Price list to Target Company- TESTV02 - JST TEST PHR - No matching records found (ODBC -2028)
[11/07/2016 17:08:40][           UpdateBPPriceList()] Could not create BP Price list to Target Company- TESTV02 - JST TEST PHR - No matching records found (ODBC -2028)
[11/07/2016 17:11:45][           CreateBPPriceList()] Could not create BP Price list to Target Company- TESTV02 - JST PHR-10 - No matching records found (ODBC -2028)
[11/07/2016 17:11:45][           UpdateBPPriceList()] Could not create BP Price list to Target Company- TESTV02 - JST PHR-10 - No matching records found (ODBC -2028)
[11/07/2016 17:11:45][           CreateBPPriceList()] Could not create BP Price list to Target Company- TESTV02 - JST TEST PHR - No matching records found (ODBC -2028)
[11/07/2016 17:11:45][           UpdateBPPriceList()] Could not create BP Price list to Target Company- TESTV02 - JST TEST PHR - No matching records found (ODBC -2028)
[11/07/2016 17:11:45][           CreateBPPriceList()] Could not create BP Price list to Target Company- TESTV02 - STC 1234561 TEST - No matching records found (ODBC -2028)
[11/07/2016 17:11:45][           UpdateBPPriceList()] Could not create BP Price list to Target Company- TESTV02 - STC 1234561 TEST - No matching records found (ODBC -2028)
[11/07/2016 17:11:45][           CreateBPPriceList()] Could not create BP Price list to Target Company- TESTV02 - TEST1 - No matching records found (ODBC -2028)
[11/07/2016 17:11:45][           UpdateBPPriceList()] Could not create BP Price list to Target Company- TESTV02 - TEST1 - No matching records found (ODBC -2028)
[11/07/2016 17:11:45][           CreateBPPriceList()] Could not create BP Price list to Target Company- TESTV02 - JST PHR-10 - No matching records found (ODBC -2028)
[11/07/2016 17:11:45][           UpdateBPPriceList()] Could not create BP Price list to Target Company- TESTV02 - JST PHR-10 - No matching records found (ODBC -2028)
[11/07/2016 17:11:45][           CreateBPPriceList()] Could not create BP Price list to Target Company- TESTV02 - JST TEST PHR - No matching records found (ODBC -2028)
[11/07/2016 17:11:45][           UpdateBPPriceList()] Could not create BP Price list to Target Company- TESTV02 - JST TEST PHR - No matching records found (ODBC -2028)
[11/07/2016 17:14:17][           CreateBPPriceList()] Could not create BP Price list to Target Company- TESTV02 - JST PHR-10 - No matching records found (ODBC -2028)
[11/07/2016 17:14:17][           UpdateBPPriceList()] Could not create BP Price list to Target Company- TESTV02 - JST PHR-10 - No matching records found (ODBC -2028)
[11/07/2016 17:14:17][           CreateBPPriceList()] Could not create BP Price list to Target Company- TESTV02 - JST TEST PHR - No matching records found (ODBC -2028)
[11/07/2016 17:14:17][           UpdateBPPriceList()] Could not create BP Price list to Target Company- TESTV02 - JST TEST PHR - No matching records found (ODBC -2028)
[11/07/2016 17:14:17][           CreateBPPriceList()] Could not create BP Price list to Target Company- TESTV02 - STC 1234561 TEST - No matching records found (ODBC -2028)
[11/07/2016 17:14:17][           UpdateBPPriceList()] Could not create BP Price list to Target Company- TESTV02 - STC 1234561 TEST - No matching records found (ODBC -2028)
[11/07/2016 17:14:17][           CreateBPPriceList()] Could not create BP Price list to Target Company- TESTV02 - TEST1 - No matching records found (ODBC -2028)
[11/07/2016 17:14:17][           UpdateBPPriceList()] Could not create BP Price list to Target Company- TESTV02 - TEST1 - No matching records found (ODBC -2028)
[11/07/2016 17:14:17][           CreateBPPriceList()] Could not create BP Price list to Target Company- TESTV02 - JST PHR-10 - No matching records found (ODBC -2028)
[11/07/2016 17:14:17][           UpdateBPPriceList()] Could not create BP Price list to Target Company- TESTV02 - JST PHR-10 - No matching records found (ODBC -2028)
[11/07/2016 17:14:17][           CreateBPPriceList()] Could not create BP Price list to Target Company- TESTV02 - JST TEST PHR - No matching records found (ODBC -2028)
[11/07/2016 17:14:17][           UpdateBPPriceList()] Could not create BP Price list to Target Company- TESTV02 - JST TEST PHR - No matching records found (ODBC -2028)
[11/07/2016 17:15:25][           CreateBPPriceList()] Could not create BP Price list to Target Company- TESTV02 - JST PHR-10 - No matching records found (ODBC -2028)
[11/07/2016 17:15:25][           UpdateBPPriceList()] Could not create BP Price list to Target Company- TESTV02 - JST PHR-10 - No matching records found (ODBC -2028)
[11/07/2016 17:15:26][           CreateBPPriceList()] Could not create BP Price list to Target Company- TESTV02 - JST TEST PHR - No matching records found (ODBC -2028)
[11/07/2016 17:15:26][           UpdateBPPriceList()] Could not create BP Price list to Target Company- TESTV02 - JST TEST PHR - No matching records found (ODBC -2028)
[11/07/2016 17:15:26][           CreateBPPriceList()] Could not create BP Price list to Target Company- TESTV02 - STC 1234561 TEST - No matching records found (ODBC -2028)
[11/07/2016 17:15:26][           UpdateBPPriceList()] Could not create BP Price list to Target Company- TESTV02 - STC 1234561 TEST - No matching records found (ODBC -2028)
[11/07/2016 17:15:26][           CreateBPPriceList()] Could not create BP Price list to Target Company- TESTV02 - TEST1 - No matching records found (ODBC -2028)
[11/07/2016 17:15:26][           UpdateBPPriceList()] Could not create BP Price list to Target Company- TESTV02 - TEST1 - No matching records found (ODBC -2028)
[11/07/2016 17:15:26][           CreateBPPriceList()] Could not create BP Price list to Target Company- TESTV02 - JST PHR-10 - No matching records found (ODBC -2028)
[11/07/2016 17:15:26][           UpdateBPPriceList()] Could not create BP Price list to Target Company- TESTV02 - JST PHR-10 - No matching records found (ODBC -2028)
[11/07/2016 17:15:26][           CreateBPPriceList()] Could not create BP Price list to Target Company- TESTV02 - JST TEST PHR - No matching records found (ODBC -2028)
[11/07/2016 17:15:26][           UpdateBPPriceList()] Could not create BP Price list to Target Company- TESTV02 - JST TEST PHR - No matching records found (ODBC -2028)
[11/07/2016 17:16:53][           CreateBPPriceList()] Could not create BP Price list to Target Company- TESTV02 - JST PHR-10 - No matching records found (ODBC -2028)
[11/07/2016 17:16:53][           UpdateBPPriceList()] Could not create BP Price list to Target Company- TESTV02 - JST PHR-10 - No matching records found (ODBC -2028)
[11/07/2016 17:16:53][           CreateBPPriceList()] Could not create BP Price list to Target Company- TESTV02 - JST TEST PHR - No matching records found (ODBC -2028)
[11/07/2016 17:16:53][           UpdateBPPriceList()] Could not create BP Price list to Target Company- TESTV02 - JST TEST PHR - No matching records found (ODBC -2028)
[11/07/2016 17:16:53][           CreateBPPriceList()] Could not create BP Price list to Target Company- TESTV02 - STC 1234561 TEST - No matching records found (ODBC -2028)
[11/07/2016 17:16:53][           UpdateBPPriceList()] Could not create BP Price list to Target Company- TESTV02 - STC 1234561 TEST - No matching records found (ODBC -2028)
[11/07/2016 17:16:53][           CreateBPPriceList()] Could not create BP Price list to Target Company- TESTV02 - TEST1 - No matching records found (ODBC -2028)
[11/07/2016 17:16:53][           UpdateBPPriceList()] Could not create BP Price list to Target Company- TESTV02 - TEST1 - No matching records found (ODBC -2028)
[11/07/2016 17:16:53][           CreateBPPriceList()] Could not create BP Price list to Target Company- TESTV02 - JST PHR-10 - No matching records found (ODBC -2028)
[11/07/2016 17:16:53][           UpdateBPPriceList()] Could not create BP Price list to Target Company- TESTV02 - JST PHR-10 - No matching records found (ODBC -2028)
[11/07/2016 17:16:54][           CreateBPPriceList()] Could not create BP Price list to Target Company- TESTV02 - JST TEST PHR - No matching records found (ODBC -2028)
[11/07/2016 17:16:54][           UpdateBPPriceList()] Could not create BP Price list to Target Company- TESTV02 - JST TEST PHR - No matching records found (ODBC -2028)
[11/07/2016 17:18:08][           CreateBPPriceList()] Could not create BP Price list to Target Company- TESTV02 - JST PHR-10 - No matching records found (ODBC -2028)
[11/07/2016 17:18:08][           UpdateBPPriceList()] Could not create BP Price list to Target Company- TESTV02 - JST PHR-10 - No matching records found (ODBC -2028)
[11/07/2016 17:18:08][           CreateBPPriceList()] Could not create BP Price list to Target Company- TESTV02 - JST TEST PHR - No matching records found (ODBC -2028)
[11/07/2016 17:18:08][           UpdateBPPriceList()] Could not create BP Price list to Target Company- TESTV02 - JST TEST PHR - No matching records found (ODBC -2028)
[11/07/2016 17:18:08][           CreateBPPriceList()] Could not create BP Price list to Target Company- TESTV02 - STC 1234561 TEST - No matching records found (ODBC -2028)
[11/07/2016 17:18:08][           UpdateBPPriceList()] Could not create BP Price list to Target Company- TESTV02 - STC 1234561 TEST - No matching records found (ODBC -2028)
[11/07/2016 17:18:09][           CreateBPPriceList()] Could not create BP Price list to Target Company- TESTV02 - TEST1 - No matching records found (ODBC -2028)
[11/07/2016 17:18:09][           UpdateBPPriceList()] Could not create BP Price list to Target Company- TESTV02 - TEST1 - No matching records found (ODBC -2028)
[11/07/2016 17:18:09][           CreateBPPriceList()] Could not create BP Price list to Target Company- TESTV02 - JST PHR-10 - No matching records found (ODBC -2028)
[11/07/2016 17:18:09][           UpdateBPPriceList()] Could not create BP Price list to Target Company- TESTV02 - JST PHR-10 - No matching records found (ODBC -2028)
[11/07/2016 17:18:09][           CreateBPPriceList()] Could not create BP Price list to Target Company- TESTV02 - JST TEST PHR - No matching records found (ODBC -2028)
[11/07/2016 17:18:09][           UpdateBPPriceList()] Could not create BP Price list to Target Company- TESTV02 - JST TEST PHR - No matching records found (ODBC -2028)
[11/08/2016 11:00:25][           CreateBPPriceList()] Could not create BP Price list to Target Company- TESTV02 - TEST1 - No matching records found (ODBC -2028)
[11/08/2016 11:00:25][           UpdateBPPriceList()] Could not create BP Price list to Target Company- TESTV02 - TEST1 - No matching records found (ODBC -2028)
[11/08/2016 11:05:58][           CreateBPPriceList()] Could not create BP Price list to Target Company- TESTV02 - TEST1 - No matching records found (ODBC -2028)
[11/08/2016 11:05:58][           UpdateBPPriceList()] Could not create BP Price list to Target Company- TESTV02 - TEST1 - No matching records found (ODBC -2028)
[11/08/2016 11:08:36][           CreateBPPriceList()] Could not create BP Price list to Target Company- TESTV02 - TEST1 - No matching records found (ODBC -2028)
[11/08/2016 11:08:36][           UpdateBPPriceList()] Could not create BP Price list to Target Company- TESTV02 - TEST1 - No matching records found (ODBC -2028)
[01/02/2017 18:03:05][            UpdateItemMaster()] Could not update ItemCode to Target Company - Internal error (-5002) occurred
[01/02/2017 23:00:24][            UpdateItemMaster()] Could not update ItemCode to Target Company - No matching records found (ODBC -2028)
[01/02/2017 23:05:30][            UpdateItemMaster()] Could not update ItemCode to Target Company - No matching records found (ODBC -2028)
[01/02/2017 23:11:45][            UpdateItemMaster()] Could not update ItemCode to Target Company - No matching records found (ODBC -2028)
[01/02/2017 23:17:40][            UpdateItemMaster()] Could not update ItemCode to Target Company - No matching records found (ODBC -2028)
[01/03/2017 11:44:07][            UpdateItemMaster()] Public member 'ValueorsGroup' on type 'IField' not found.
[01/03/2017 11:49:20][            UpdateItemMaster()] Public member 'ItemsGroupCod' on type 'IItems' not found.
